2025-04-03 10:06:25 - [INFO] Facescan gestartet
2025-04-03 10:06:25 - [INFO] Webcam gefunden
2025-04-03 11:11:21 - [INFO] Funktion 1 erkannt: zeige_webcam_fuer_upruefung
2025-04-03 11:11:22 - [INFO] Anzahl der erkannten Gesichter: 0
2025-04-03 11:11:22 - [INFO] Anzahl der erkannten Gesichter: 0
2025-04-03 11:11:22 - [INFO] Anzahl der erkannten Gesichter: 0
2025-04-03 11:11:22 - [INFO] Anzahl der erkannten Gesichter: 0
2025-04-03 11:11:22 - [INFO] Anzahl der erkannten Gesichter: 0
2025-04-03 11:11:22 - [INFO] Anzahl der erkannten Gesichter: 0
2025-04-03 11:11:22 - [INFO] Anzahl der erkannten Gesichter: 0
2025-04-03 11:11:22 - [INFO] Anzahl der erkannten Gesichter: 0
2025-04-03 11:11:22 - [INFO] Anzahl der erkannten Gesichter: 0
2025-04-03 11:11:22 - [INFO] Anzahl der erkannten Gesichter: 0
2025-04-03 11:11:23 - [INFO] Anzahl der erkannten Gesichter: 0
2025-04-03 11:11:23 - [INFO] Anzahl der erkannten Gesichter: 0
2025-04-03 11:11:23 - [INFO] Anzahl der erkannten Gesichter: 0
2025-04-03 11:11:23 - [INFO] Anzahl der erkannten Gesichter: 0
2025-04-03 11:11:23 - [INFO] Anzahl der erkannten Gesichter: 0
2025-04-03 11:11:23 - [INFO] Anzahl der erkannten Gesichter: 0
2025-04-03 11:11:23 - [INFO] Anzahl der erkannten Gesichter: 0
2025-04-03 11:11:23 - [INFO] Anzahl der erkannten Gesichter: 0
2025-04-03 11:11:23 - [INFO] Anzahl der erkannten Gesichter: 0
2025-04-03 11:11:23 - [INFO] Anzahl der erkannten Gesichter: 0
2025-04-03 11:11:23 - [INFO] Anzahl der erkannten Gesichter: 0
2025-04-03 11:11:23 - [INFO] Anzahl der erkannten Gesichter: 0
2025-04-03 11:11:23 - [INFO] Anzahl der erkannten Gesichter: 0
2025-04-03 11:11:23 - [INFO] Anzahl der erkannten Gesichter: 0
2025-04-03 11:11:23 - [INFO] Anzahl der erkannten Gesichter: 1
2025-04-03 11:11:23 - [INFO] Anzahl der erkannten Gesichter: 0
2025-04-03 11:11:23 - [INFO] Anzahl der erkannten Gesichter: 0
2025-04-03 11:11:23 - [INFO] Anzahl der erkannten Gesichter: 0
2025-04-03 11:11:23 - [INFO] Anzahl der erkannten Gesichter: 0
2025-04-03 11:11:24 - [INFO] Anzahl der erkannten Gesichter: 0
2025-04-03 11:11:24 - [INFO] Anzahl der erkannten Gesichter: 0
2025-04-03 11:11:24 - [INFO] Anzahl der erkannten Gesichter: 0
2025-04-03 11:11:24 - [INFO] Anzahl der erkannten Gesichter: 1
2025-04-03 11:11:24 - [INFO] Anzahl der erkannten Gesichter: 1
2025-04-03 11:11:24 - [INFO] Anzahl der erkannten Gesichter: 1
2025-04-03 11:11:24 - [INFO] Anzahl der erkannten Gesichter: 1
2025-04-03 11:11:24 - [INFO] Anzahl der erkannten Gesichter: 1
2025-04-03 11:11:24 - [INFO] Anzahl der erkannten Gesichter: 1
2025-04-03 11:11:24 - [INFO] Anzahl der erkannten Gesichter: 1
2025-04-03 11:11:24 - [INFO] Anzahl der erkannten Gesichter: 1
2025-04-03 11:11:24 - [INFO] Anzahl der erkannten Gesichter: 1
2025-04-03 11:11:24 - [INFO] Anzahl der erkannten Gesichter: 1
2025-04-03 11:11:24 - [INFO] Anzahl der erkannten Gesichter: 0
2025-04-03 11:11:24 - [INFO] Anzahl der erkannten Gesichter: 0
2025-04-03 11:11:24 - [INFO] Anzahl der erkannten Gesichter: 1
2025-04-03 11:11:24 - [INFO] Anzahl der erkannten Gesichter: 0
2025-04-03 11:11:24 - [INFO] Anzahl der erkannten Gesichter: 0
2025-04-03 11:11:25 - [INFO] Anzahl der erkannten Gesichter: 0
2025-04-03 11:11:25 - [INFO] Anzahl der erkannten Gesichter: 0
2025-04-03 11:11:25 - [INFO] Anzahl der erkannten Gesichter: 0
2025-04-03 11:11:25 - [INFO] Anzahl der erkannten Gesichter: 0
2025-04-03 11:11:25 - [INFO] Anzahl der erkannten Gesichter: 0
2025-04-03 11:11:25 - [INFO] Anzahl der erkannten Gesichter: 0
2025-04-03 11:11:25 - [INFO] Anzahl der erkannten Gesichter: 1
2025-04-03 11:11:25 - [INFO] Anzahl der erkannten Gesichter: 0
2025-04-03 11:11:25 - [INFO] Anzahl der erkannten Gesichter: 0
2025-04-03 11:11:25 - [INFO] Anzahl der erkannten Gesichter: 0
2025-04-03 11:11:25 - [INFO] Anzahl der erkannten Gesichter: 1
2025-04-03 11:11:25 - [INFO] Anzahl der erkannten Gesichter: 0
2025-04-03 11:11:25 - [INFO] Anzahl der erkannten Gesichter: 0
2025-04-03 11:11:25 - [INFO] Anzahl der erkannten Gesichter: 1
2025-04-03 11:11:25 - [INFO] Anzahl der erkannten Gesichter: 0
2025-04-03 11:11:25 - [INFO] Anzahl der erkannten Gesichter: 0
2025-04-03 11:11:25 - [INFO] Anzahl der erkannten Gesichter: 0
2025-04-03 11:11:25 - [INFO] Anzahl der erkannten Gesichter: 0
2025-04-03 11:11:25 - [INFO] Anzahl der erkannten Gesichter: 0
2025-04-03 11:11:25 - [INFO] Anzahl der erkannten Gesichter: 0
2025-04-03 11:11:25 - [INFO] Anzahl der erkannten Gesichter: 0
2025-04-03 11:11:26 - [INFO] Anzahl der erkannten Gesichter: 0
2025-04-03 11:11:26 - [INFO] Anzahl der erkannten Gesichter: 0
2025-04-03 11:11:26 - [INFO] Anzahl der erkannten Gesichter: 0
2025-04-03 11:11:26 - [INFO] Anzahl der erkannten Gesichter: 0
2025-04-03 11:11:26 - [INFO] Anzahl der erkannten Gesichter: 0
2025-04-03 11:11:26 - [INFO] Anzahl der erkannten Gesichter: 0
2025-04-03 11:11:26 - [INFO] Anzahl der erkannten Gesichter: 0
2025-04-03 11:11:26 - [INFO] Anzahl der erkannten Gesichter: 0
2025-04-03 11:11:26 - [INFO] Anzahl der erkannten Gesichter: 0
2025-04-03 11:11:26 - [INFO] Anzahl der erkannten Gesichter: 0
2025-04-03 11:11:26 - [INFO] Anzahl der erkannten Gesichter: 1
2025-04-03 11:11:26 - [INFO] Anzahl der erkannten Gesichter: 1
2025-04-03 11:11:26 - [INFO] Anzahl der erkannten Gesichter: 1
2025-04-03 11:11:26 - [INFO] Anzahl der erkannten Gesichter: 1
2025-04-03 11:11:26 - [INFO] Anzahl der erkannten Gesichter: 1
2025-04-03 11:11:26 - [INFO] Anzahl der erkannten Gesichter: 1
2025-04-03 11:11:26 - [INFO] Anzahl der erkannten Gesichter: 1
2025-04-03 11:11:26 - [INFO] Anzahl der erkannten Gesichter: 1
2025-04-03 11:11:26 - [INFO] Anzahl der erkannten Gesichter: 0
2025-04-03 11:11:26 - [INFO] Anzahl der erkannten Gesichter: 1
2025-04-03 11:11:27 - [INFO] Anzahl der erkannten Gesichter: 1
2025-04-03 11:11:27 - [INFO] Anzahl der erkannten Gesichter: 1
2025-04-03 11:11:27 - [INFO] Anzahl der erkannten Gesichter: 1
2025-04-03 11:11:27 - [INFO] Anzahl der erkannten Gesichter: 1
2025-04-03 11:11:27 - [INFO] Anzahl der erkannten Gesichter: 1
2025-04-03 11:11:27 - [INFO] Anzahl der erkannten Gesichter: 1
2025-04-03 11:11:27 - [INFO] Anzahl der erkannten Gesichter: 1
2025-04-03 11:11:27 - [INFO] Anzahl der erkannten Gesichter: 1
2025-04-03 11:11:27 - [INFO] Anzahl der erkannten Gesichter: 1
2025-04-03 11:11:27 - [INFO] Anzahl der erkannten Gesichter: 1
2025-04-03 11:11:27 - [INFO] Anzahl der erkannten Gesichter: 0
2025-04-03 11:11:27 - [INFO] Anzahl der erkannten Gesichter: 1
2025-04-03 11:11:27 - [INFO] Anzahl der erkannten Gesichter: 1
2025-04-03 11:11:27 - [INFO] Anzahl der erkannten Gesichter: 1
2025-04-03 11:11:27 - [INFO] Anzahl der erkannten Gesichter: 1
2025-04-03 11:11:27 - [INFO] Anzahl der erkannten Gesichter: 1
2025-04-03 11:11:27 - [INFO] Anzahl der erkannten Gesichter: 0
2025-04-03 11:11:27 - [INFO] Anzahl der erkannten Gesichter: 1
2025-04-03 11:11:27 - [INFO] Anzahl der erkannten Gesichter: 1
2025-04-03 11:11:27 - [INFO] Anzahl der erkannten Gesichter: 1
2025-04-03 11:11:27 - [INFO] Anzahl der erkannten Gesichter: 1
2025-04-03 11:11:28 - [INFO] Anzahl der erkannten Gesichter: 1
2025-04-03 11:11:28 - [INFO] Anzahl der erkannten Gesichter: 1
2025-04-03 11:11:28 - [INFO] Anzahl der erkannten Gesichter: 1
2025-04-03 11:11:28 - [INFO] Anzahl der erkannten Gesichter: 1
2025-04-03 11:11:28 - [INFO] Anzahl der erkannten Gesichter: 1
2025-04-03 11:11:28 - [INFO] Anzahl der erkannten Gesichter: 0
2025-04-03 11:11:28 - [INFO] Anzahl der erkannten Gesichter: 0
2025-04-03 11:11:28 - [INFO] Anzahl der erkannten Gesichter: 0
2025-04-03 11:11:28 - [INFO] Anzahl der erkannten Gesichter: 1
2025-04-03 11:11:28 - [INFO] Anzahl der erkannten Gesichter: 1
2025-04-03 11:11:28 - [INFO] Anzahl der erkannten Gesichter: 1
2025-04-03 11:11:28 - [INFO] Anzahl der erkannten Gesichter: 1
2025-04-03 11:11:28 - [INFO] Anzahl der erkannten Gesichter: 1
2025-04-03 11:11:28 - [INFO] Anzahl der erkannten Gesichter: 1
2025-04-03 11:11:28 - [INFO] Anzahl der erkannten Gesichter: 1
2025-04-03 11:11:28 - [INFO] Anzahl der erkannten Gesichter: 1
2025-04-03 11:11:28 - [INFO] Anzahl der erkannten Gesichter: 1
2025-04-03 11:11:28 - [INFO] Anzahl der erkannten Gesichter: 1
2025-04-03 11:11:28 - [INFO] Anzahl der erkannten Gesichter: 1
2025-04-03 11:11:28 - [INFO] Anzahl der erkannten Gesichter: 1
2025-04-03 11:11:29 - [INFO] Anzahl der erkannten Gesichter: 1
2025-04-03 11:11:29 - [INFO] Anzahl der erkannten Gesichter: 1
2025-04-03 11:11:29 - [INFO] Anzahl der erkannten Gesichter: 1
2025-04-03 11:11:29 - [INFO] Anzahl der erkannten Gesichter: 1
2025-04-03 11:11:29 - [INFO] Anzahl der erkannten Gesichter: 1
2025-04-03 11:11:29 - [INFO] Anzahl der erkannten Gesichter: 1
2025-04-03 11:11:29 - [INFO] Anzahl der erkannten Gesichter: 1
2025-04-03 11:11:29 - [INFO] Anzahl der erkannten Gesichter: 1
2025-04-03 11:11:29 - [INFO] Anzahl der erkannten Gesichter: 0
2025-04-03 11:11:29 - [INFO] Anzahl der erkannten Gesichter: 1
2025-04-03 11:11:29 - [INFO] Anzahl der erkannten Gesichter: 1
2025-04-03 11:11:29 - [INFO] Anzahl der erkannten Gesichter: 1
2025-04-03 11:11:29 - [INFO] Anzahl der erkannten Gesichter: 0
2025-04-03 11:11:29 - [INFO] Anzahl der erkannten Gesichter: 0
2025-04-03 11:11:29 - [INFO] Anzahl der erkannten Gesichter: 1
2025-04-03 11:11:29 - [INFO] Anzahl der erkannten Gesichter: 1
2025-04-03 11:11:29 - [INFO] Anzahl der erkannten Gesichter: 1
2025-04-03 11:11:29 - [INFO] Anzahl der erkannten Gesichter: 1
2025-04-03 11:11:29 - [INFO] Anzahl der erkannten Gesichter: 1
2025-04-03 11:11:29 - [INFO] Anzahl der erkannten Gesichter: 1
2025-04-03 11:11:29 - [INFO] Anzahl der erkannten Gesichter: 1
2025-04-03 11:11:30 - [INFO] Anzahl der erkannten Gesichter: 1
2025-04-03 11:11:30 - [INFO] Anzahl der erkannten Gesichter: 1
2025-04-03 11:11:30 - [INFO] Anzahl der erkannten Gesichter: 1
2025-04-03 11:11:30 - [INFO] Anzahl der erkannten Gesichter: 1
2025-04-03 11:11:30 - [INFO] Anzahl der erkannten Gesichter: 1
2025-04-03 11:11:30 - [INFO] Anzahl der erkannten Gesichter: 1
2025-04-03 11:11:30 - [INFO] Anzahl der erkannten Gesichter: 1
2025-04-03 11:11:30 - [INFO] Anzahl der erkannten Gesichter: 1
2025-04-03 11:11:30 - [INFO] Anzahl der erkannten Gesichter: 1
2025-04-03 11:11:30 - [INFO] Anzahl der erkannten Gesichter: 1
2025-04-03 11:11:30 - [INFO] Anzahl der erkannten Gesichter: 1
2025-04-03 11:11:30 - [INFO] Anzahl der erkannten Gesichter: 1
2025-04-03 11:11:30 - [INFO] Anzahl der erkannten Gesichter: 1
2025-04-03 11:11:30 - [INFO] Anzahl der erkannten Gesichter: 1
2025-04-03 11:11:30 - [INFO] Anzahl der erkannten Gesichter: 1
2025-04-03 11:11:30 - [INFO] Anzahl der erkannten Gesichter: 1
2025-04-03 11:11:30 - [INFO] Anzahl der erkannten Gesichter: 1
2025-04-03 11:11:30 - [INFO] Anzahl der erkannten Gesichter: 1
2025-04-03 11:11:30 - [INFO] Anzahl der erkannten Gesichter: 1
2025-04-03 11:11:30 - [INFO] Anzahl der erkannten Gesichter: 1
2025-04-03 11:11:31 - [INFO] Anzahl der erkannten Gesichter: 1
2025-04-03 11:11:31 - [INFO] Anzahl der erkannten Gesichter: 0
2025-04-03 11:11:31 - [INFO] Anzahl der erkannten Gesichter: 0
2025-04-03 11:11:31 - [INFO] Anzahl der erkannten Gesichter: 1
2025-04-03 11:11:31 - [INFO] Anzahl der erkannten Gesichter: 1
2025-04-03 11:11:31 - [INFO] Anzahl der erkannten Gesichter: 1
2025-04-03 11:11:31 - [INFO] Anzahl der erkannten Gesichter: 1
2025-04-03 11:11:31 - [INFO] Anzahl der erkannten Gesichter: 0
2025-04-03 11:11:35 - Gefundene Übereinstimmung: 123454444, Score: 0.96
2025-04-03 11:11:47 - [INFO] Funktion 5 erkannt: Beenden
2025-04-03 16:49:52 - [INFO] Facescan gestartet
2025-04-03 16:49:52 - [INFO] Webcam gefunden
2025-04-03 16:49:58 - [INFO] Funktion 1 erkannt: zeige_webcam_fuer_upruefung
2025-04-03 16:49:59 - [INFO] Anzahl der erkannten Gesichter: 0
2025-04-03 16:49:59 - [INFO] Anzahl der erkannten Gesichter: 0
2025-04-03 16:49:59 - [INFO] Anzahl der erkannten Gesichter: 0
2025-04-03 16:49:59 - [INFO] Anzahl der erkannten Gesichter: 0
2025-04-03 16:49:59 - [INFO] Anzahl der erkannten Gesichter: 0
2025-04-03 16:49:59 - [INFO] Anzahl der erkannten Gesichter: 0
2025-04-03 16:49:59 - [INFO] Anzahl der erkannten Gesichter: 0
2025-04-03 16:49:59 - [INFO] Anzahl der erkannten Gesichter: 0
2025-04-03 16:49:59 - [INFO] Anzahl der erkannten Gesichter: 0
2025-04-03 16:49:59 - [INFO] Anzahl der erkannten Gesichter: 0
2025-04-03 16:49:59 - [INFO] Anzahl der erkannten Gesichter: 0
2025-04-03 16:49:59 - [INFO] Anzahl der erkannten Gesichter: 0
2025-04-03 16:50:00 - [INFO] Anzahl der erkannten Gesichter: 0
2025-04-03 16:50:00 - [INFO] Anzahl der erkannten Gesichter: 0
2025-04-03 16:50:00 - [INFO] Anzahl der erkannten Gesichter: 0
2025-04-03 16:50:00 - [INFO] Anzahl der erkannten Gesichter: 0
2025-04-03 16:50:00 - [INFO] Anzahl der erkannten Gesichter: 0
2025-04-03 16:50:00 - [INFO] Anzahl der erkannten Gesichter: 0
2025-04-03 16:50:00 - [INFO] Anzahl der erkannten Gesichter: 0
2025-04-03 16:50:00 - [INFO] Anzahl der erkannten Gesichter: 0
2025-04-03 16:50:00 - [INFO] Anzahl der erkannten Gesichter: 0
2025-04-03 16:50:00 - [INFO] Anzahl der erkannten Gesichter: 0
2025-04-03 16:50:00 - [INFO] Anzahl der erkannten Gesichter: 0
2025-04-03 16:50:00 - [INFO] Anzahl der erkannten Gesichter: 0
2025-04-03 16:50:00 - [INFO] Anzahl der erkannten Gesichter: 0
2025-04-03 16:50:00 - [INFO] Anzahl der erkannten Gesichter: 0
2025-04-03 16:50:00 - [INFO] Anzahl der erkannten Gesichter: 0
2025-04-03 16:50:00 - [INFO] Anzahl der erkannten Gesichter: 0
2025-04-03 16:50:00 - [INFO] Anzahl der erkannten Gesichter: 0
2025-04-03 16:50:00 - [INFO] Anzahl der erkannten Gesichter: 0
2025-04-03 16:50:00 - [INFO] Anzahl der erkannten Gesichter: 0
2025-04-03 16:50:00 - [INFO] Anzahl der erkannten Gesichter: 0
2025-04-03 16:50:00 - [INFO] Anzahl der erkannten Gesichter: 0
2025-04-03 16:50:01 - [INFO] Anzahl der erkannten Gesichter: 0
2025-04-03 16:50:01 - [INFO] Anzahl der erkannten Gesichter: 0
2025-04-03 16:50:01 - [INFO] Anzahl der erkannten Gesichter: 0
2025-04-03 16:50:01 - [INFO] Anzahl der erkannten Gesichter: 0
2025-04-03 16:50:01 - [INFO] Anzahl der erkannten Gesichter: 0
2025-04-03 16:50:01 - [INFO] Anzahl der erkannten Gesichter: 0
2025-04-03 16:50:01 - [INFO] Anzahl der erkannten Gesichter: 0
2025-04-03 16:50:01 - [INFO] Anzahl der erkannten Gesichter: 0
2025-04-03 16:50:01 - [INFO] Anzahl der erkannten Gesichter: 0
2025-04-03 16:50:01 - [INFO] Anzahl der erkannten Gesichter: 0
2025-04-03 16:50:01 - [INFO] Anzahl der erkannten Gesichter: 0
2025-04-03 16:50:01 - [INFO] Anzahl der erkannten Gesichter: 0
2025-04-03 16:50:01 - [INFO] Anzahl der erkannten Gesichter: 0
2025-04-03 16:50:01 - [INFO] Anzahl der erkannten Gesichter: 0
2025-04-03 16:50:01 - [INFO] Anzahl der erkannten Gesichter: 0
2025-04-03 16:50:01 - [INFO] Anzahl der erkannten Gesichter: 0
2025-04-03 16:50:01 - [INFO] Anzahl der erkannten Gesichter: 0
2025-04-03 16:50:01 - [INFO] Anzahl der erkannten Gesichter: 0
2025-04-03 16:50:01 - [INFO] Anzahl der erkannten Gesichter: 1
2025-04-03 16:50:01 - [INFO] Anzahl der erkannten Gesichter: 0
2025-04-03 16:50:02 - [INFO] Anzahl der erkannten Gesichter: 0
2025-04-03 16:50:02 - [INFO] Anzahl der erkannten Gesichter: 0
2025-04-03 16:50:02 - [INFO] Anzahl der erkannten Gesichter: 0
2025-04-03 16:50:02 - [INFO] Anzahl der erkannten Gesichter: 1
2025-04-03 16:50:02 - [INFO] Anzahl der erkannten Gesichter: 0
2025-04-03 16:50:02 - [INFO] Anzahl der erkannten Gesichter: 0
2025-04-03 16:50:02 - [INFO] Anzahl der erkannten Gesichter: 0
2025-04-03 16:50:02 - [INFO] Anzahl der erkannten Gesichter: 0
2025-04-03 16:50:02 - [INFO] Anzahl der erkannten Gesichter: 0
2025-04-03 16:50:02 - [INFO] Anzahl der erkannten Gesichter: 0
2025-04-03 16:50:02 - [INFO] Anzahl der erkannten Gesichter: 0
2025-04-03 16:50:02 - [INFO] Anzahl der erkannten Gesichter: 0
2025-04-03 16:50:02 - [INFO] Anzahl der erkannten Gesichter: 0
2025-04-03 16:50:02 - [INFO] Anzahl der erkannten Gesichter: 0
2025-04-03 16:50:02 - [INFO] Anzahl der erkannten Gesichter: 0
2025-04-03 16:50:02 - [INFO] Anzahl der erkannten Gesichter: 0
2025-04-03 16:50:02 - [INFO] Anzahl der erkannten Gesichter: 0
2025-04-03 16:50:02 - [INFO] Anzahl der erkannten Gesichter: 0
2025-04-03 16:50:02 - [INFO] Anzahl der erkannten Gesichter: 0
2025-04-03 16:50:02 - [INFO] Anzahl der erkannten Gesichter: 0
2025-04-03 16:50:03 - [INFO] Anzahl der erkannten Gesichter: 0
2025-04-03 16:50:03 - [INFO] Anzahl der erkannten Gesichter: 0
2025-04-03 16:50:03 - [INFO] Anzahl der erkannten Gesichter: 0
2025-04-03 16:50:03 - [INFO] Anzahl der erkannten Gesichter: 0
2025-04-03 16:50:03 - [INFO] Anzahl der erkannten Gesichter: 0
2025-04-03 16:50:03 - [INFO] Anzahl der erkannten Gesichter: 0
2025-04-03 16:50:03 - [INFO] Anzahl der erkannten Gesichter: 0
2025-04-03 16:50:03 - [INFO] Anzahl der erkannten Gesichter: 0
2025-04-03 16:50:03 - [INFO] Anzahl der erkannten Gesichter: 0
2025-04-03 16:50:03 - [INFO] Anzahl der erkannten Gesichter: 0
2025-04-03 16:50:03 - [INFO] Anzahl der erkannten Gesichter: 0
2025-04-03 16:50:03 - [INFO] Anzahl der erkannten Gesichter: 0
2025-04-03 16:50:03 - [INFO] Anzahl der erkannten Gesichter: 0
2025-04-03 16:50:03 - [INFO] Anzahl der erkannten Gesichter: 0
2025-04-03 16:50:03 - [INFO] Anzahl der erkannten Gesichter: 0
2025-04-03 16:50:03 - [INFO] Anzahl der erkannten Gesichter: 0
2025-04-03 16:50:03 - [INFO] Anzahl der erkannten Gesichter: 0
2025-04-03 16:50:03 - [INFO] Anzahl der erkannten Gesichter: 0
2025-04-03 16:50:03 - [INFO] Anzahl der erkannten Gesichter: 0
2025-04-03 16:50:03 - [INFO] Anzahl der erkannten Gesichter: 0
2025-04-03 16:50:04 - [INFO] Anzahl der erkannten Gesichter: 0
2025-04-03 16:50:04 - [INFO] Anzahl der erkannten Gesichter: 0
2025-04-03 16:50:04 - [INFO] Anzahl der erkannten Gesichter: 0
2025-04-03 16:50:04 - [INFO] Anzahl der erkannten Gesichter: 0
2025-04-03 16:50:04 - [INFO] Anzahl der erkannten Gesichter: 0
2025-04-03 16:50:04 - [INFO] Anzahl der erkannten Gesichter: 0
2025-04-03 16:50:04 - [INFO] Anzahl der erkannten Gesichter: 1
2025-04-03 16:50:04 - [INFO] Anzahl der erkannten Gesichter: 0
2025-04-03 16:50:04 - [INFO] Anzahl der erkannten Gesichter: 0
2025-04-03 16:50:04 - [INFO] Anzahl der erkannten Gesichter: 0
2025-04-03 16:50:04 - [INFO] Anzahl der erkannten Gesichter: 0
2025-04-03 16:50:04 - [INFO] Anzahl der erkannten Gesichter: 0
2025-04-03 16:50:04 - [INFO] Anzahl der erkannten Gesichter: 0
2025-04-03 16:50:04 - [INFO] Anzahl der erkannten Gesichter: 0
2025-04-03 16:50:04 - [INFO] Anzahl der erkannten Gesichter: 0
2025-04-03 16:50:04 - [INFO] Anzahl der erkannten Gesichter: 0
2025-04-03 16:50:04 - [INFO] Anzahl der erkannten Gesichter: 0
2025-04-03 16:50:04 - [INFO] Anzahl der erkannten Gesichter: 0
2025-04-03 16:50:04 - [INFO] Anzahl der erkannten Gesichter: 0
2025-04-03 16:50:04 - [INFO] Anzahl der erkannten Gesichter: 0
2025-04-03 16:50:05 - [INFO] Anzahl der erkannten Gesichter: 0
2025-04-03 16:50:05 - [INFO] Anzahl der erkannten Gesichter: 0
2025-04-03 16:50:05 - [INFO] Anzahl der erkannten Gesichter: 0
2025-04-03 16:50:05 - [INFO] Anzahl der erkannten Gesichter: 0
2025-04-03 16:50:05 - [INFO] Anzahl der erkannten Gesichter: 0
2025-04-03 16:50:05 - [INFO] Anzahl der erkannten Gesichter: 0
2025-04-03 16:50:05 - [INFO] Anzahl der erkannten Gesichter: 0
2025-04-03 16:50:05 - [INFO] Anzahl der erkannten Gesichter: 0
2025-04-03 16:50:05 - [INFO] Anzahl der erkannten Gesichter: 0
2025-04-03 16:50:05 - [INFO] Anzahl der erkannten Gesichter: 0
2025-04-03 16:50:05 - [INFO] Anzahl der erkannten Gesichter: 1
2025-04-03 16:50:05 - [INFO] Anzahl der erkannten Gesichter: 0
2025-04-03 16:50:05 - [INFO] Anzahl der erkannten Gesichter: 1
2025-04-03 16:50:05 - [INFO] Anzahl der erkannten Gesichter: 0
2025-04-03 16:50:05 - [INFO] Anzahl der erkannten Gesichter: 0
2025-04-03 16:50:05 - [INFO] Anzahl der erkannten Gesichter: 0
2025-04-03 16:50:05 - [INFO] Anzahl der erkannten Gesichter: 0
2025-04-03 16:50:05 - [INFO] Anzahl der erkannten Gesichter: 0
2025-04-03 16:50:05 - [INFO] Anzahl der erkannten Gesichter: 0
2025-04-03 16:50:05 - [INFO] Anzahl der erkannten Gesichter: 0
2025-04-03 16:50:05 - [INFO] Anzahl der erkannten Gesichter: 0
2025-04-03 16:50:06 - [INFO] Anzahl der erkannten Gesichter: 0
2025-04-03 16:50:06 - [INFO] Anzahl der erkannten Gesichter: 1
2025-04-03 16:50:06 - [INFO] Anzahl der erkannten Gesichter: 1
2025-04-03 16:50:06 - [INFO] Anzahl der erkannten Gesichter: 1
2025-04-03 16:50:06 - [INFO] Anzahl der erkannten Gesichter: 0
2025-04-03 16:50:06 - [INFO] Anzahl der erkannten Gesichter: 1
2025-04-03 16:50:06 - [INFO] Anzahl der erkannten Gesichter: 1
2025-04-03 16:50:06 - [INFO] Anzahl der erkannten Gesichter: 1
2025-04-03 16:50:06 - [INFO] Anzahl der erkannten Gesichter: 1
2025-04-03 16:50:06 - [INFO] Anzahl der erkannten Gesichter: 1
2025-04-03 16:50:06 - [INFO] Anzahl der erkannten Gesichter: 1
2025-04-03 16:50:06 - [INFO] Anzahl der erkannten Gesichter: 1
2025-04-03 16:50:06 - [INFO] Anzahl der erkannten Gesichter: 1
2025-04-03 16:50:06 - [INFO] Anzahl der erkannten Gesichter: 1
2025-04-03 16:50:06 - [INFO] Anzahl der erkannten Gesichter: 1
2025-04-03 16:50:06 - [INFO] Anzahl der erkannten Gesichter: 1
2025-04-03 16:50:06 - [INFO] Anzahl der erkannten Gesichter: 1
2025-04-03 16:50:06 - [INFO] Anzahl der erkannten Gesichter: 1
2025-04-03 16:50:06 - [INFO] Anzahl der erkannten Gesichter: 1
2025-04-03 16:50:06 - [INFO] Anzahl der erkannten Gesichter: 1
2025-04-03 16:50:07 - [INFO] Anzahl der erkannten Gesichter: 1
2025-04-03 16:50:07 - [INFO] Anzahl der erkannten Gesichter: 1
2025-04-03 16:50:07 - [INFO] Anzahl der erkannten Gesichter: 1
2025-04-03 16:50:07 - [INFO] Anzahl der erkannten Gesichter: 1
2025-04-03 16:50:07 - [INFO] Anzahl der erkannten Gesichter: 1
2025-04-03 16:50:07 - [INFO] Anzahl der erkannten Gesichter: 1
2025-04-03 16:50:07 - [INFO] Anzahl der erkannten Gesichter: 1
2025-04-03 16:50:07 - [INFO] Anzahl der erkannten Gesichter: 1
2025-04-03 16:50:07 - [INFO] Anzahl der erkannten Gesichter: 1
2025-04-03 16:50:07 - [INFO] Anzahl der erkannten Gesichter: 1
2025-04-03 16:50:07 - [INFO] Anzahl der erkannten Gesichter: 1
2025-04-03 16:50:07 - [INFO] Anzahl der erkannten Gesichter: 1
2025-04-03 16:50:07 - [INFO] Anzahl der erkannten Gesichter: 1
2025-04-03 16:50:07 - [INFO] Anzahl der erkannten Gesichter: 1
2025-04-03 16:50:07 - [INFO] Anzahl der erkannten Gesichter: 1
2025-04-03 16:50:07 - [INFO] Anzahl der erkannten Gesichter: 1
2025-04-03 16:50:07 - [INFO] Anzahl der erkannten Gesichter: 1
2025-04-03 16:50:07 - [INFO] Anzahl der erkannten Gesichter: 1
2025-04-03 16:50:07 - [INFO] Anzahl der erkannten Gesichter: 1
2025-04-03 16:50:07 - [INFO] Anzahl der erkannten Gesichter: 1
2025-04-03 16:50:07 - [INFO] Anzahl der erkannten Gesichter: 1
2025-04-03 16:50:08 - [INFO] Anzahl der erkannten Gesichter: 1
2025-04-03 16:50:08 - [INFO] Anzahl der erkannten Gesichter: 1
2025-04-03 16:50:08 - [INFO] Anzahl der erkannten Gesichter: 1
2025-04-03 16:50:08 - [INFO] Anzahl der erkannten Gesichter: 1
2025-04-03 16:50:08 - [INFO] Anzahl der erkannten Gesichter: 1
2025-04-03 16:50:08 - [INFO] Anzahl der erkannten Gesichter: 1
2025-04-03 16:50:08 - [INFO] Anzahl der erkannten Gesichter: 1
2025-04-03 16:50:08 - [INFO] Anzahl der erkannten Gesichter: 1
2025-04-03 16:50:08 - [INFO] Anzahl der erkannten Gesichter: 1
2025-04-03 16:50:08 - [INFO] Anzahl der erkannten Gesichter: 1
2025-04-03 16:50:08 - [INFO] Anzahl der erkannten Gesichter: 1
2025-04-03 16:50:08 - [INFO] Anzahl der erkannten Gesichter: 1
2025-04-03 16:50:08 - [INFO] Anzahl der erkannten Gesichter: 1
2025-04-03 16:50:08 - [INFO] Anzahl der erkannten Gesichter: 1
2025-04-03 16:50:08 - [INFO] Anzahl der erkannten Gesichter: 1
2025-04-03 16:50:08 - [INFO] Anzahl der erkannten Gesichter: 1
2025-04-03 16:50:08 - [INFO] Anzahl der erkannten Gesichter: 1
2025-04-03 16:50:08 - [INFO] Anzahl der erkannten Gesichter: 1
2025-04-03 16:50:08 - [INFO] Anzahl der erkannten Gesichter: 1
2025-04-03 16:50:09 - [INFO] Anzahl der erkannten Gesichter: 1
2025-04-03 16:50:09 - [INFO] Anzahl der erkannten Gesichter: 1
2025-04-03 16:50:09 - [INFO] Anzahl der erkannten Gesichter: 1
2025-04-03 16:50:09 - [INFO] Anzahl der erkannten Gesichter: 1
2025-04-03 16:50:09 - [INFO] Anzahl der erkannten Gesichter: 1
2025-04-03 16:50:09 - [INFO] Anzahl der erkannten Gesichter: 1
2025-04-03 16:50:09 - [INFO] Anzahl der erkannten Gesichter: 1
2025-04-03 16:50:09 - [INFO] Anzahl der erkannten Gesichter: 1
2025-04-03 16:50:09 - [INFO] Anzahl der erkannten Gesichter: 1
2025-04-03 16:50:09 - [INFO] Anzahl der erkannten Gesichter: 1
2025-04-03 16:50:09 - [INFO] Anzahl der erkannten Gesichter: 1
2025-04-03 16:50:09 - [INFO] Anzahl der erkannten Gesichter: 1
2025-04-03 16:50:09 - [INFO] Anzahl der erkannten Gesichter: 1
2025-04-03 16:50:09 - [INFO] Anzahl der erkannten Gesichter: 1
2025-04-03 16:50:09 - [INFO] Anzahl der erkannten Gesichter: 1
2025-04-03 16:50:09 - [INFO] Anzahl der erkannten Gesichter: 1
2025-04-03 16:50:09 - [INFO] Anzahl der erkannten Gesichter: 1
2025-04-03 16:50:09 - [INFO] Anzahl der erkannten Gesichter: 1
2025-04-03 16:50:09 - [INFO] Anzahl der erkannten Gesichter: 1
2025-04-03 16:50:09 - [INFO] Anzahl der erkannten Gesichter: 1
2025-04-03 16:50:09 - [INFO] Anzahl der erkannten Gesichter: 1
2025-04-03 16:50:10 - [INFO] Anzahl der erkannten Gesichter: 1
2025-04-03 16:50:10 - [INFO] Anzahl der erkannten Gesichter: 1
2025-04-03 16:50:10 - [INFO] Anzahl der erkannten Gesichter: 1
2025-04-03 16:50:10 - [INFO] Anzahl der erkannten Gesichter: 1
2025-04-03 16:50:10 - [INFO] Anzahl der erkannten Gesichter: 1
2025-04-03 16:50:10 - [INFO] Anzahl der erkannten Gesichter: 1
2025-04-03 16:50:10 - [INFO] Anzahl der erkannten Gesichter: 1
2025-04-03 16:50:10 - [INFO] Anzahl der erkannten Gesichter: 1
2025-04-03 16:50:10 - [INFO] Anzahl der erkannten Gesichter: 1
2025-04-03 16:50:10 - [INFO] Anzahl der erkannten Gesichter: 1
2025-04-03 16:50:10 - [INFO] Anzahl der erkannten Gesichter: 1
2025-04-03 16:50:10 - [INFO] Anzahl der erkannten Gesichter: 1
2025-04-03 16:50:10 - [INFO] Anzahl der erkannten Gesichter: 1
2025-04-03 16:50:10 - [INFO] Anzahl der erkannten Gesichter: 1
2025-04-03 16:50:10 - [INFO] Anzahl der erkannten Gesichter: 1
2025-04-03 16:50:10 - [INFO] Anzahl der erkannten Gesichter: 1
2025-04-03 16:50:10 - [INFO] Anzahl der erkannten Gesichter: 1
2025-04-03 16:50:10 - [INFO] Anzahl der erkannten Gesichter: 1
2025-04-03 16:50:10 - [INFO] Anzahl der erkannten Gesichter: 1
2025-04-03 16:50:11 - [INFO] Anzahl der erkannten Gesichter: 1
2025-04-03 16:50:11 - [INFO] Anzahl der erkannten Gesichter: 1
2025-04-03 16:50:11 - [INFO] Anzahl der erkannten Gesichter: 1
2025-04-03 16:50:11 - [INFO] Anzahl der erkannten Gesichter: 1
2025-04-03 16:50:11 - [INFO] Anzahl der erkannten Gesichter: 1
2025-04-03 16:50:11 - [INFO] Anzahl der erkannten Gesichter: 1
2025-04-03 16:50:11 - [INFO] Anzahl der erkannten Gesichter: 1
2025-04-03 16:50:11 - [INFO] Anzahl der erkannten Gesichter: 1
2025-04-03 16:50:11 - [INFO] Anzahl der erkannten Gesichter: 1
2025-04-03 16:50:11 - [INFO] Anzahl der erkannten Gesichter: 1
2025-04-03 16:50:11 - [INFO] Anzahl der erkannten Gesichter: 1
2025-04-03 16:50:11 - [INFO] Anzahl der erkannten Gesichter: 1
2025-04-03 16:50:11 - [INFO] Anzahl der erkannten Gesichter: 1
2025-04-03 16:50:11 - [INFO] Anzahl der erkannten Gesichter: 1
2025-04-03 16:50:11 - [INFO] Anzahl der erkannten Gesichter: 1
2025-04-03 16:50:11 - [INFO] Anzahl der erkannten Gesichter: 0
2025-04-03 16:50:11 - [INFO] Anzahl der erkannten Gesichter: 0
2025-04-03 16:50:11 - [INFO] Anzahl der erkannten Gesichter: 0
2025-04-03 16:50:11 - [INFO] Anzahl der erkannten Gesichter: 0
2025-04-03 16:50:12 - [INFO] Anzahl der erkannten Gesichter: 0
2025-04-03 16:50:12 - [INFO] Anzahl der erkannten Gesichter: 0
2025-04-03 16:50:12 - [INFO] Anzahl der erkannten Gesichter: 0
2025-04-03 16:50:12 - [INFO] Anzahl der erkannten Gesichter: 0
2025-04-03 16:50:12 - [INFO] Anzahl der erkannten Gesichter: 0
2025-04-03 16:50:12 - [INFO] Anzahl der erkannten Gesichter: 0
2025-04-03 16:50:12 - [INFO] Anzahl der erkannten Gesichter: 0
2025-04-03 16:50:12 - [INFO] Anzahl der erkannten Gesichter: 0
2025-04-03 16:50:12 - [INFO] Anzahl der erkannten Gesichter: 1
2025-04-03 16:50:12 - [INFO] Anzahl der erkannten Gesichter: 1
2025-04-03 16:50:12 - [INFO] Anzahl der erkannten Gesichter: 1
2025-04-03 16:50:12 - [INFO] Anzahl der erkannten Gesichter: 1
2025-04-03 16:50:12 - [INFO] Anzahl der erkannten Gesichter: 0
2025-04-03 16:50:12 - [INFO] Anzahl der erkannten Gesichter: 1
2025-04-03 16:50:12 - [INFO] Anzahl der erkannten Gesichter: 1
2025-04-03 16:50:12 - [INFO] Anzahl der erkannten Gesichter: 1
2025-04-03 16:50:12 - [INFO] Anzahl der erkannten Gesichter: 1
2025-04-03 16:50:12 - [INFO] Anzahl der erkannten Gesichter: 1
2025-04-03 16:50:12 - [INFO] Anzahl der erkannten Gesichter: 1
2025-04-03 16:50:12 - [INFO] Anzahl der erkannten Gesichter: 1
2025-04-03 16:50:13 - [INFO] Anzahl der erkannten Gesichter: 1
2025-04-03 16:50:13 - [INFO] Anzahl der erkannten Gesichter: 1
2025-04-03 16:50:13 - [INFO] Anzahl der erkannten Gesichter: 1
2025-04-03 16:50:13 - [INFO] Anzahl der erkannten Gesichter: 1
2025-04-03 16:50:13 - [INFO] Anzahl der erkannten Gesichter: 1
2025-04-03 16:50:13 - [INFO] Anzahl der erkannten Gesichter: 1
2025-04-03 16:50:13 - [INFO] Anzahl der erkannten Gesichter: 1
2025-04-03 16:50:13 - [INFO] Anzahl der erkannten Gesichter: 1
2025-04-03 16:50:13 - [INFO] Anzahl der erkannten Gesichter: 1
2025-04-03 16:50:13 - [INFO] Anzahl der erkannten Gesichter: 1
2025-04-03 16:50:13 - [INFO] Anzahl der erkannten Gesichter: 1
2025-04-03 16:50:13 - [INFO] Anzahl der erkannten Gesichter: 1
2025-04-03 16:50:13 - [INFO] Anzahl der erkannten Gesichter: 1
2025-04-03 16:50:13 - [INFO] Anzahl der erkannten Gesichter: 1
2025-04-03 16:50:13 - [INFO] Anzahl der erkannten Gesichter: 1
2025-04-03 16:50:13 - [INFO] Anzahl der erkannten Gesichter: 1
2025-04-03 16:50:13 - [INFO] Anzahl der erkannten Gesichter: 1
2025-04-03 16:50:13 - [INFO] Anzahl der erkannten Gesichter: 1
2025-04-03 16:50:13 - [INFO] Anzahl der erkannten Gesichter: 1
2025-04-03 16:50:14 - [INFO] Anzahl der erkannten Gesichter: 1
2025-04-03 16:50:14 - [INFO] Anzahl der erkannten Gesichter: 1
2025-04-03 16:50:14 - [INFO] Anzahl der erkannten Gesichter: 1
2025-04-03 16:50:14 - [INFO] Anzahl der erkannten Gesichter: 1
2025-04-03 16:50:14 - [INFO] Anzahl der erkannten Gesichter: 1
2025-04-03 16:50:14 - [INFO] Anzahl der erkannten Gesichter: 1
2025-04-03 16:50:14 - [INFO] Anzahl der erkannten Gesichter: 1
2025-04-03 16:50:14 - [INFO] Anzahl der erkannten Gesichter: 1
2025-04-03 16:50:14 - [INFO] Anzahl der erkannten Gesichter: 1
2025-04-03 16:50:14 - [INFO] Anzahl der erkannten Gesichter: 1
2025-04-03 16:50:14 - [INFO] Anzahl der erkannten Gesichter: 1
2025-04-03 16:50:14 - [INFO] Anzahl der erkannten Gesichter: 1
2025-04-03 16:50:14 - [INFO] Anzahl der erkannten Gesichter: 1
2025-04-03 16:50:14 - [INFO] Anzahl der erkannten Gesichter: 1
2025-04-03 16:50:14 - [INFO] Anzahl der erkannten Gesichter: 1
2025-04-03 16:50:14 - [INFO] Anzahl der erkannten Gesichter: 1
2025-04-03 16:50:14 - [INFO] Anzahl der erkannten Gesichter: 1
2025-04-03 16:50:14 - [INFO] Anzahl der erkannten Gesichter: 1
2025-04-03 16:50:14 - [INFO] Anzahl der erkannten Gesichter: 1
2025-04-03 16:50:14 - [INFO] Anzahl der erkannten Gesichter: 1
2025-04-03 16:50:14 - [INFO] Anzahl der erkannten Gesichter: 1
2025-04-03 16:50:15 - [INFO] Anzahl der erkannten Gesichter: 1
2025-04-03 16:50:15 - [INFO] Anzahl der erkannten Gesichter: 0
2025-04-03 16:50:15 - [INFO] Anzahl der erkannten Gesichter: 0
2025-04-03 16:50:15 - [INFO] Anzahl der erkannten Gesichter: 1
2025-04-03 16:50:15 - [INFO] Anzahl der erkannten Gesichter: 1
2025-04-03 16:50:15 - [INFO] Anzahl der erkannten Gesichter: 1
2025-04-03 16:50:15 - [INFO] Anzahl der erkannten Gesichter: 1
2025-04-03 16:50:15 - [INFO] Anzahl der erkannten Gesichter: 1
2025-04-03 16:50:15 - [INFO] Anzahl der erkannten Gesichter: 1
2025-04-03 16:50:15 - [INFO] Anzahl der erkannten Gesichter: 1
2025-04-03 16:50:15 - [INFO] Anzahl der erkannten Gesichter: 1
2025-04-03 16:50:15 - [INFO] Anzahl der erkannten Gesichter: 1
2025-04-03 16:50:15 - [INFO] Anzahl der erkannten Gesichter: 1
2025-04-03 16:50:15 - [INFO] Anzahl der erkannten Gesichter: 1
2025-04-03 16:50:15 - [INFO] Anzahl der erkannten Gesichter: 1
2025-04-03 16:50:15 - [INFO] Anzahl der erkannten Gesichter: 1
2025-04-03 16:50:15 - [INFO] Anzahl der erkannten Gesichter: 1
2025-04-03 16:50:15 - [INFO] Anzahl der erkannten Gesichter: 1
2025-04-03 16:50:15 - [INFO] Anzahl der erkannten Gesichter: 1
2025-04-03 16:50:15 - [INFO] Anzahl der erkannten Gesichter: 1
2025-04-03 16:50:16 - [INFO] Anzahl der erkannten Gesichter: 1
2025-04-03 16:50:16 - [INFO] Anzahl der erkannten Gesichter: 1
2025-04-03 16:50:16 - [INFO] Anzahl der erkannten Gesichter: 1
2025-04-03 16:50:16 - [INFO] Anzahl der erkannten Gesichter: 1
2025-04-03 16:50:16 - [INFO] Anzahl der erkannten Gesichter: 1
2025-04-03 16:50:16 - [INFO] Anzahl der erkannten Gesichter: 1
2025-04-03 16:50:16 - [INFO] Anzahl der erkannten Gesichter: 1
2025-04-03 16:50:16 - [INFO] Anzahl der erkannten Gesichter: 1
2025-04-03 16:50:16 - [INFO] Anzahl der erkannten Gesichter: 1
2025-04-03 16:50:16 - [INFO] Anzahl der erkannten Gesichter: 1
2025-04-03 16:50:16 - [INFO] Anzahl der erkannten Gesichter: 1
2025-04-03 16:50:16 - [INFO] Anzahl der erkannten Gesichter: 1
2025-04-03 16:50:16 - [INFO] Anzahl der erkannten Gesichter: 1
2025-04-03 16:50:16 - [INFO] Anzahl der erkannten Gesichter: 1
2025-04-03 16:50:16 - [INFO] Anzahl der erkannten Gesichter: 1
2025-04-03 16:50:16 - [INFO] Anzahl der erkannten Gesichter: 1
2025-04-03 16:50:16 - [INFO] Anzahl der erkannten Gesichter: 1
2025-04-03 16:50:16 - [INFO] Anzahl der erkannten Gesichter: 1
2025-04-03 16:50:16 - [INFO] Anzahl der erkannten Gesichter: 1
2025-04-03 16:50:16 - [INFO] Anzahl der erkannten Gesichter: 1
2025-04-03 16:50:16 - [INFO] Anzahl der erkannten Gesichter: 1
2025-04-03 16:50:17 - [INFO] Anzahl der erkannten Gesichter: 1
2025-04-03 16:50:17 - [INFO] Anzahl der erkannten Gesichter: 1
2025-04-03 16:50:17 - [INFO] Anzahl der erkannten Gesichter: 1
2025-04-03 16:50:17 - [INFO] Anzahl der erkannten Gesichter: 1
2025-04-03 16:50:17 - [INFO] Anzahl der erkannten Gesichter: 1
2025-04-03 16:50:17 - [INFO] Anzahl der erkannten Gesichter: 1
2025-04-03 16:50:17 - [INFO] Anzahl der erkannten Gesichter: 1
2025-04-03 16:50:17 - [INFO] Anzahl der erkannten Gesichter: 1
2025-04-03 16:50:17 - [INFO] Anzahl der erkannten Gesichter: 1
2025-04-03 16:50:17 - [INFO] Anzahl der erkannten Gesichter: 1
2025-04-03 16:50:17 - [INFO] Anzahl der erkannten Gesichter: 1
2025-04-03 16:50:17 - [INFO] Anzahl der erkannten Gesichter: 1
2025-04-03 16:50:17 - [INFO] Anzahl der erkannten Gesichter: 1
2025-04-03 16:50:17 - [INFO] Anzahl der erkannten Gesichter: 1
2025-04-03 16:50:17 - [INFO] Anzahl der erkannten Gesichter: 1
2025-04-03 16:50:17 - [INFO] Anzahl der erkannten Gesichter: 1
2025-04-03 16:50:17 - [INFO] Anzahl der erkannten Gesichter: 1
2025-04-03 16:50:17 - [INFO] Anzahl der erkannten Gesichter: 1
2025-04-03 16:50:17 - [INFO] Anzahl der erkannten Gesichter: 1
2025-04-03 16:50:17 - [INFO] Anzahl der erkannten Gesichter: 1
2025-04-03 16:50:18 - [INFO] Anzahl der erkannten Gesichter: 1
2025-04-03 16:50:18 - [INFO] Anzahl der erkannten Gesichter: 1
2025-04-03 16:50:18 - [INFO] Anzahl der erkannten Gesichter: 1
2025-04-03 16:50:18 - [INFO] Anzahl der erkannten Gesichter: 1
2025-04-03 16:50:18 - [INFO] Anzahl der erkannten Gesichter: 1
2025-04-03 16:50:18 - [INFO] Anzahl der erkannten Gesichter: 1
2025-04-03 16:50:18 - [INFO] Anzahl der erkannten Gesichter: 1
2025-04-03 16:50:18 - [INFO] Anzahl der erkannten Gesichter: 1
2025-04-03 16:50:18 - [INFO] Anzahl der erkannten Gesichter: 1
2025-04-03 16:50:18 - [INFO] Anzahl der erkannten Gesichter: 1
2025-04-03 16:50:18 - [INFO] Anzahl der erkannten Gesichter: 1
2025-04-03 16:50:18 - [INFO] Anzahl der erkannten Gesichter: 1
2025-04-03 16:50:18 - [INFO] Anzahl der erkannten Gesichter: 1
2025-04-03 16:50:18 - [INFO] Anzahl der erkannten Gesichter: 1
2025-04-03 16:50:18 - [INFO] Anzahl der erkannten Gesichter: 1
2025-04-03 16:50:18 - [INFO] Anzahl der erkannten Gesichter: 1
2025-04-03 16:50:18 - [INFO] Anzahl der erkannten Gesichter: 1
2025-04-03 16:50:18 - [INFO] Anzahl der erkannten Gesichter: 1
2025-04-03 16:50:18 - [INFO] Anzahl der erkannten Gesichter: 1
2025-04-03 16:50:18 - [INFO] Anzahl der erkannten Gesichter: 1
2025-04-03 16:50:18 - [INFO] Anzahl der erkannten Gesichter: 1
2025-04-03 16:50:19 - [INFO] Anzahl der erkannten Gesichter: 1
2025-04-03 16:50:19 - [INFO] Anzahl der erkannten Gesichter: 1
2025-04-03 16:50:19 - [INFO] Anzahl der erkannten Gesichter: 1
2025-04-03 16:50:19 - [INFO] Anzahl der erkannten Gesichter: 1
2025-04-03 16:50:19 - [INFO] Anzahl der erkannten Gesichter: 1
2025-04-03 16:50:19 - [INFO] Anzahl der erkannten Gesichter: 1
2025-04-03 16:50:19 - [INFO] Anzahl der erkannten Gesichter: 1
2025-04-03 16:50:19 - [INFO] Anzahl der erkannten Gesichter: 1
2025-04-03 16:50:19 - [INFO] Anzahl der erkannten Gesichter: 1
2025-04-03 16:50:19 - [INFO] Anzahl der erkannten Gesichter: 1
2025-04-03 16:50:19 - [INFO] Anzahl der erkannten Gesichter: 1
2025-04-03 16:50:19 - [INFO] Anzahl der erkannten Gesichter: 1
2025-04-03 16:50:21 - [ERROR] Kein Gesicht erkannt im Bild.
2025-04-03 16:50:27 - [INFO] Funktion 1 erkannt: zeige_webcam_fuer_upruefung
2025-04-03 16:50:28 - [INFO] Anzahl der erkannten Gesichter: 0
2025-04-03 16:50:28 - [INFO] Anzahl der erkannten Gesichter: 0
2025-04-03 16:50:28 - [INFO] Anzahl der erkannten Gesichter: 0
2025-04-03 16:50:28 - [INFO] Anzahl der erkannten Gesichter: 0
2025-04-03 16:50:28 - [INFO] Anzahl der erkannten Gesichter: 0
2025-04-03 16:50:28 - [INFO] Anzahl der erkannten Gesichter: 0
2025-04-03 16:50:29 - [INFO] Anzahl der erkannten Gesichter: 0
2025-04-03 16:50:29 - [INFO] Anzahl der erkannten Gesichter: 0
2025-04-03 16:50:29 - [INFO] Anzahl der erkannten Gesichter: 0
2025-04-03 16:50:29 - [INFO] Anzahl der erkannten Gesichter: 0
2025-04-03 16:50:29 - [INFO] Anzahl der erkannten Gesichter: 0
2025-04-03 16:50:29 - [INFO] Anzahl der erkannten Gesichter: 0
2025-04-03 16:50:29 - [INFO] Anzahl der erkannten Gesichter: 0
2025-04-03 16:50:29 - [INFO] Anzahl der erkannten Gesichter: 0
2025-04-03 16:50:29 - [INFO] Anzahl der erkannten Gesichter: 0
2025-04-03 16:50:29 - [INFO] Anzahl der erkannten Gesichter: 0
2025-04-03 16:50:29 - [INFO] Anzahl der erkannten Gesichter: 0
2025-04-03 16:50:29 - [INFO] Anzahl der erkannten Gesichter: 0
2025-04-03 16:50:29 - [INFO] Anzahl der erkannten Gesichter: 0
2025-04-03 16:50:29 - [INFO] Anzahl der erkannten Gesichter: 0
2025-04-03 16:50:29 - [INFO] Anzahl der erkannten Gesichter: 0
2025-04-03 16:50:29 - [INFO] Anzahl der erkannten Gesichter: 0
2025-04-03 16:50:29 - [INFO] Anzahl der erkannten Gesichter: 0
2025-04-03 16:50:29 - [INFO] Anzahl der erkannten Gesichter: 0
2025-04-03 16:50:29 - [INFO] Anzahl der erkannten Gesichter: 0
2025-04-03 16:50:29 - [INFO] Anzahl der erkannten Gesichter: 1
2025-04-03 16:50:29 - [INFO] Anzahl der erkannten Gesichter: 1
2025-04-03 16:50:30 - [INFO] Anzahl der erkannten Gesichter: 1
2025-04-03 16:50:30 - [INFO] Anzahl der erkannten Gesichter: 0
2025-04-03 16:50:30 - [INFO] Anzahl der erkannten Gesichter: 1
2025-04-03 16:50:30 - [INFO] Anzahl der erkannten Gesichter: 0
2025-04-03 16:50:30 - [INFO] Anzahl der erkannten Gesichter: 0
2025-04-03 16:50:30 - [INFO] Anzahl der erkannten Gesichter: 0
2025-04-03 16:50:30 - [INFO] Anzahl der erkannten Gesichter: 0
2025-04-03 16:50:30 - [INFO] Anzahl der erkannten Gesichter: 0
2025-04-03 16:50:30 - [INFO] Anzahl der erkannten Gesichter: 0
2025-04-03 16:50:30 - [INFO] Anzahl der erkannten Gesichter: 0
2025-04-03 16:50:30 - [INFO] Anzahl der erkannten Gesichter: 0
2025-04-03 16:50:30 - [INFO] Anzahl der erkannten Gesichter: 0
2025-04-03 16:50:30 - [INFO] Anzahl der erkannten Gesichter: 0
2025-04-03 16:50:30 - [INFO] Anzahl der erkannten Gesichter: 0
2025-04-03 16:50:30 - [INFO] Anzahl der erkannten Gesichter: 0
2025-04-03 16:50:30 - [INFO] Anzahl der erkannten Gesichter: 0
2025-04-03 16:50:30 - [INFO] Anzahl der erkannten Gesichter: 0
2025-04-03 16:50:30 - [INFO] Anzahl der erkannten Gesichter: 1
2025-04-03 16:50:30 - [INFO] Anzahl der erkannten Gesichter: 0
2025-04-03 16:50:30 - [INFO] Anzahl der erkannten Gesichter: 1
2025-04-03 16:50:31 - [INFO] Anzahl der erkannten Gesichter: 0
2025-04-03 16:50:31 - [INFO] Anzahl der erkannten Gesichter: 0
2025-04-03 16:50:31 - [INFO] Anzahl der erkannten Gesichter: 1
2025-04-03 16:50:31 - [INFO] Anzahl der erkannten Gesichter: 1
2025-04-03 16:50:31 - [INFO] Anzahl der erkannten Gesichter: 1
2025-04-03 16:50:31 - [INFO] Anzahl der erkannten Gesichter: 1
2025-04-03 16:50:31 - [INFO] Anzahl der erkannten Gesichter: 1
2025-04-03 16:50:31 - [INFO] Anzahl der erkannten Gesichter: 0
2025-04-03 16:50:31 - [INFO] Anzahl der erkannten Gesichter: 0
2025-04-03 16:50:31 - [INFO] Anzahl der erkannten Gesichter: 1
2025-04-03 16:50:31 - [INFO] Anzahl der erkannten Gesichter: 1
2025-04-03 16:50:31 - [INFO] Anzahl der erkannten Gesichter: 1
2025-04-03 16:50:31 - [INFO] Anzahl der erkannten Gesichter: 0
2025-04-03 16:50:31 - [INFO] Anzahl der erkannten Gesichter: 1
2025-04-03 16:50:31 - [INFO] Anzahl der erkannten Gesichter: 0
2025-04-03 16:50:31 - [INFO] Anzahl der erkannten Gesichter: 0
2025-04-03 16:50:31 - [INFO] Anzahl der erkannten Gesichter: 0
2025-04-03 16:50:31 - [INFO] Anzahl der erkannten Gesichter: 1
2025-04-03 16:50:31 - [INFO] Anzahl der erkannten Gesichter: 0
2025-04-03 16:50:31 - [INFO] Anzahl der erkannten Gesichter: 0
2025-04-03 16:50:32 - [INFO] Anzahl der erkannten Gesichter: 1
2025-04-03 16:50:32 - [INFO] Anzahl der erkannten Gesichter: 1
2025-04-03 16:50:32 - [INFO] Anzahl der erkannten Gesichter: 1
2025-04-03 16:50:32 - [INFO] Anzahl der erkannten Gesichter: 1
2025-04-03 16:50:32 - [INFO] Anzahl der erkannten Gesichter: 0
2025-04-03 16:50:32 - [INFO] Anzahl der erkannten Gesichter: 1
2025-04-03 16:50:32 - [INFO] Anzahl der erkannten Gesichter: 1
2025-04-03 16:50:32 - [INFO] Anzahl der erkannten Gesichter: 1
2025-04-03 16:50:32 - [INFO] Anzahl der erkannten Gesichter: 1
2025-04-03 16:50:32 - [INFO] Anzahl der erkannten Gesichter: 1
2025-04-03 16:50:32 - [INFO] Anzahl der erkannten Gesichter: 1
2025-04-03 16:50:32 - [INFO] Anzahl der erkannten Gesichter: 1
2025-04-03 16:50:32 - [INFO] Anzahl der erkannten Gesichter: 1
2025-04-03 16:50:32 - [INFO] Anzahl der erkannten Gesichter: 1
2025-04-03 16:50:32 - [INFO] Anzahl der erkannten Gesichter: 0
2025-04-03 16:50:32 - [INFO] Anzahl der erkannten Gesichter: 1
2025-04-03 16:50:32 - [INFO] Anzahl der erkannten Gesichter: 1
2025-04-03 16:50:32 - [INFO] Anzahl der erkannten Gesichter: 1
2025-04-03 16:50:32 - [INFO] Anzahl der erkannten Gesichter: 1
2025-04-03 16:50:32 - [INFO] Anzahl der erkannten Gesichter: 0
2025-04-03 16:50:32 - [INFO] Anzahl der erkannten Gesichter: 0
2025-04-03 16:50:33 - [INFO] Anzahl der erkannten Gesichter: 0
2025-04-03 16:50:33 - [INFO] Anzahl der erkannten Gesichter: 0
2025-04-03 16:50:33 - [INFO] Anzahl der erkannten Gesichter: 1
2025-04-03 16:50:33 - [INFO] Anzahl der erkannten Gesichter: 0
2025-04-03 16:50:33 - [INFO] Anzahl der erkannten Gesichter: 1
2025-04-03 16:50:33 - [INFO] Anzahl der erkannten Gesichter: 1
2025-04-03 16:50:33 - [INFO] Anzahl der erkannten Gesichter: 1
2025-04-03 16:50:33 - [INFO] Anzahl der erkannten Gesichter: 1
2025-04-03 16:50:33 - [INFO] Anzahl der erkannten Gesichter: 0
2025-04-03 16:50:33 - [INFO] Anzahl der erkannten Gesichter: 1
2025-04-03 16:50:33 - [INFO] Anzahl der erkannten Gesichter: 1
2025-04-03 16:50:33 - [INFO] Anzahl der erkannten Gesichter: 1
2025-04-03 16:50:33 - [INFO] Anzahl der erkannten Gesichter: 1
2025-04-03 16:50:33 - [INFO] Anzahl der erkannten Gesichter: 1
2025-04-03 16:50:33 - [INFO] Anzahl der erkannten Gesichter: 1
2025-04-03 16:50:33 - [INFO] Anzahl der erkannten Gesichter: 1
2025-04-03 16:50:33 - [INFO] Anzahl der erkannten Gesichter: 1
2025-04-03 16:50:33 - [INFO] Anzahl der erkannten Gesichter: 0
2025-04-03 16:50:33 - [INFO] Anzahl der erkannten Gesichter: 1
2025-04-03 16:50:33 - [INFO] Anzahl der erkannten Gesichter: 1
2025-04-03 16:50:34 - [INFO] Anzahl der erkannten Gesichter: 1
2025-04-03 16:50:34 - [INFO] Anzahl der erkannten Gesichter: 1
2025-04-03 16:50:34 - [INFO] Anzahl der erkannten Gesichter: 0
2025-04-03 16:50:34 - [INFO] Anzahl der erkannten Gesichter: 1
2025-04-03 16:50:34 - [INFO] Anzahl der erkannten Gesichter: 0
2025-04-03 16:50:34 - [INFO] Anzahl der erkannten Gesichter: 1
2025-04-03 16:50:34 - [INFO] Anzahl der erkannten Gesichter: 1
2025-04-03 16:50:34 - [INFO] Anzahl der erkannten Gesichter: 1
2025-04-03 16:50:34 - [INFO] Anzahl der erkannten Gesichter: 1
2025-04-03 16:50:34 - [INFO] Anzahl der erkannten Gesichter: 1
2025-04-03 16:50:34 - [INFO] Anzahl der erkannten Gesichter: 1
2025-04-03 16:50:34 - [INFO] Anzahl der erkannten Gesichter: 1
2025-04-03 16:50:34 - [INFO] Anzahl der erkannten Gesichter: 1
2025-04-03 16:50:34 - [INFO] Anzahl der erkannten Gesichter: 1
2025-04-03 16:50:34 - [INFO] Anzahl der erkannten Gesichter: 1
2025-04-03 16:50:34 - [INFO] Anzahl der erkannten Gesichter: 1
2025-04-03 16:50:34 - [INFO] Anzahl der erkannten Gesichter: 1
2025-04-03 16:50:34 - [INFO] Anzahl der erkannten Gesichter: 1
2025-04-03 16:50:34 - [INFO] Anzahl der erkannten Gesichter: 1
2025-04-03 16:50:34 - [INFO] Anzahl der erkannten Gesichter: 1
2025-04-03 16:50:34 - [INFO] Anzahl der erkannten Gesichter: 1
2025-04-03 16:50:35 - [INFO] Anzahl der erkannten Gesichter: 1
2025-04-03 16:50:35 - [INFO] Anzahl der erkannten Gesichter: 1
2025-04-03 16:50:35 - [INFO] Anzahl der erkannten Gesichter: 1
2025-04-03 16:50:35 - [INFO] Anzahl der erkannten Gesichter: 1
2025-04-03 16:50:35 - [INFO] Anzahl der erkannten Gesichter: 1
2025-04-03 16:50:35 - [INFO] Anzahl der erkannten Gesichter: 1
2025-04-03 16:50:35 - [INFO] Anzahl der erkannten Gesichter: 1
2025-04-03 16:50:35 - [INFO] Anzahl der erkannten Gesichter: 1
2025-04-03 16:50:35 - [INFO] Anzahl der erkannten Gesichter: 1
2025-04-03 16:50:35 - [INFO] Anzahl der erkannten Gesichter: 1
2025-04-03 16:50:35 - [INFO] Anzahl der erkannten Gesichter: 1
2025-04-03 16:50:35 - [INFO] Anzahl der erkannten Gesichter: 1
2025-04-03 16:50:35 - [INFO] Anzahl der erkannten Gesichter: 1
2025-04-03 16:50:35 - [INFO] Anzahl der erkannten Gesichter: 1
2025-04-03 16:50:35 - [INFO] Anzahl der erkannten Gesichter: 1
2025-04-03 16:50:35 - [INFO] Anzahl der erkannten Gesichter: 1
2025-04-03 16:50:35 - [INFO] Anzahl der erkannten Gesichter: 1
2025-04-03 16:50:35 - [INFO] Anzahl der erkannten Gesichter: 1
2025-04-03 16:50:35 - [INFO] Anzahl der erkannten Gesichter: 1
2025-04-03 16:50:36 - [ERROR] Kein Gesicht erkannt im Bild.
